Start testing: Jul 16 01:24 CEST
----------------------------------------------------------
1/2 Testing: CMBSTest.ValidTests
1/2 Test: CMBSTest.ValidTests
Command: "/home/nhariman/foodserv/google_test/test_client_max_body_size/build/try_test" "--gtest_filter=CMBSTest.ValidTests" "--gtest_also_run_disabled_tests"
Directory: /home/nhariman/foodserv/google_test/test_client_max_body_size/build
"CMBSTest.ValidTests" start time: Jul 16 01:24 CEST
Output:
----------------------------------------------------------
Running main() from /home/nhariman/foodserv/google_test/test_client_max_body_size/build/_deps/googletest-src/googletest/src/gtest_main.cc
Note: Google Test filter = CMBSTest.ValidTests
[==========] Running 1 test from 1 test suite.
[----------] Global test environment set-up.
[----------] 1 test from CMBSTest
[ RUN      ] CMBSTest.ValidTests
/home/nhariman/foodserv/google_test/test_client_max_body_size/try_test.cpp:18: Failure
Expected: { ClientMaxBodySize test("123m"); } doesn't throw an exception.
  Actual: it throws ClientMaxBodySize::InvalidClientMaxBodySizeException with description "ERROR! Invalid client_max_body_size in location block.".
/home/nhariman/foodserv/google_test/test_client_max_body_size/try_test.cpp:21: Failure
Expected: { ClientMaxBodySize test("123M"); } doesn't throw an exception.
  Actual: it throws ClientMaxBodySize::InvalidClientMaxBodySizeException with description "ERROR! Invalid client_max_body_size in location block.".
[  FAILED  ] CMBSTest.ValidTests (0 ms)
[----------] 1 test from CMBSTest (0 ms total)

[----------] Global test environment tear-down
[==========] 1 test from 1 test suite ran. (0 ms total)
[  PASSED  ] 0 tests.
[  FAILED  ] 1 test, listed below:
[  FAILED  ] CMBSTest.ValidTests

 1 FAILED TEST
<end of output>
Test time =   0.00 sec
----------------------------------------------------------
Test Failed.
"CMBSTest.ValidTests" end time: Jul 16 01:24 CEST
"CMBSTest.ValidTests" time elapsed: 00:00:00
----------------------------------------------------------

2/2 Testing: CMBSTest.InvalidInputTests
2/2 Test: CMBSTest.InvalidInputTests
Command: "/home/nhariman/foodserv/google_test/test_client_max_body_size/build/try_test" "--gtest_filter=CMBSTest.InvalidInputTests" "--gtest_also_run_disabled_tests"
Directory: /home/nhariman/foodserv/google_test/test_client_max_body_size/build
"CMBSTest.InvalidInputTests" start time: Jul 16 01:24 CEST
Output:
----------------------------------------------------------
Running main() from /home/nhariman/foodserv/google_test/test_client_max_body_size/build/_deps/googletest-src/googletest/src/gtest_main.cc
Note: Google Test filter = CMBSTest.InvalidInputTests
[==========] Running 1 test from 1 test suite.
[----------] Global test environment set-up.
[----------] 1 test from CMBSTest
[ RUN      ] CMBSTest.InvalidInputTests
[       OK ] CMBSTest.InvalidInputTests (0 ms)
[----------] 1 test from CMBSTest (0 ms total)

[----------] Global test environment tear-down
[==========] 1 test from 1 test suite ran. (0 ms total)
[  PASSED  ] 1 test.
<end of output>
Test time =   0.00 sec
----------------------------------------------------------
Test Passed.
"CMBSTest.InvalidInputTests" end time: Jul 16 01:24 CEST
"CMBSTest.InvalidInputTests" time elapsed: 00:00:00
----------------------------------------------------------

End testing: Jul 16 01:24 CEST
