Start testing: Jul 14 21:01 CEST
----------------------------------------------------------
1/1 Testing: ConfigTest.BasicAssertions
1/1 Test: ConfigTest.BasicAssertions
Command: "/Users/sannealbreghs/Desktop/foodserv/google_test/sanne_testing/build/config_test" "--gtest_filter=ConfigTest.BasicAssertions" "--gtest_also_run_disabled_tests"
Directory: /Users/sannealbreghs/Desktop/foodserv/google_test/sanne_testing/build
"ConfigTest.BasicAssertions" start time: Jul 14 21:01 CEST
Output:
----------------------------------------------------------
Running main() from /Users/sannealbreghs/Desktop/foodserv/google_test/sanne_testing/build/_deps/googletest-src/googletest/src/gtest_main.cc
Note: Google Test filter = ConfigTest.BasicAssertions
[==========] Running 1 test from 1 test suite.
[----------] Global test environment set-up.
[----------] 1 test from ConfigTest
[ RUN      ] ConfigTest.BasicAssertions
/Users/sannealbreghs/Desktop/foodserv/google_test/sanne_testing/config_test.cpp:12: Failure
Expected: ("hello") != ("hello"), actual: "hello" vs "hello"
These strings are not equal
[  FAILED  ] ConfigTest.BasicAssertions (0 ms)
[----------] 1 test from ConfigTest (0 ms total)

[----------] Global test environment tear-down
[==========] 1 test from 1 test suite ran. (0 ms total)
[  PASSED  ] 0 tests.
[  FAILED  ] 1 test, listed below:
[  FAILED  ] ConfigTest.BasicAssertions

 1 FAILED TEST
<end of output>
Test time =   0.00 sec
----------------------------------------------------------
Test Failed.
"ConfigTest.BasicAssertions" end time: Jul 14 21:01 CEST
"ConfigTest.BasicAssertions" time elapsed: 00:00:00
----------------------------------------------------------

End testing: Jul 14 21:01 CEST
